{"/Users/zane/playground/regex-repo/src/aws.js": {"path":"/Users/zane/playground/regex-repo/src/aws.js","statementMap":{"0":{"start":{"line":16,"column":0},"end":{"line":16,"column":null}},"1":{"start":{"line":17,"column":0},"end":{"line":17,"column":null}},"2":{"start":{"line":26,"column":38},"end":{"line":26,"column":74}},"3":{"start":{"line":34,"column":42},"end":{"line":35,"column":46}},"4":{"start":{"line":37,"column":42},"end":{"line":37,"column":107}},"5":{"start":{"line":39,"column":42},"end":{"line":39,"column":110}},"6":{"start":{"line":46,"column":32},"end":{"line":46,"column":80}},"7":{"start":{"line":54,"column":36},"end":{"line":54,"column":76}},"8":{"start":{"line":56,"column":44},"end":{"line":56,"column":113}},"9":{"start":{"line":64,"column":30},"end":{"line":64,"column":76}}},"fnMap":{},"branchMap":{},"s":{"0":1,"1":1,"2":1,"3":1,"4":1,"5":1,"6":1,"7":1,"8":1,"9":1},"f":{},"b":{}}
,"/Users/zane/playground/regex-repo/src/contacts.js": {"path":"/Users/zane/playground/regex-repo/src/contacts.js","statementMap":{"0":{"start":{"line":16,"column":0},"end":{"line":16,"column":null}},"1":{"start":{"line":17,"column":0},"end":{"line":17,"column":null}},"2":{"start":{"line":18,"column":0},"end":{"line":18,"column":null}},"3":{"start":{"line":20,"column":28},"end":{"line":20,"column":95}},"4":{"start":{"line":26,"column":22},"end":{"line":26,"column":52}},"5":{"start":{"line":28,"column":28},"end":{"line":28,"column":55}},"6":{"start":{"line":34,"column":22},"end":{"line":34,"column":52}},"7":{"start":{"line":36,"column":26},"end":{"line":36,"column":268}},"8":{"start":{"line":43,"column":20},"end":{"line":43,"column":53}}},"fnMap":{},"branchMap":{},"s":{"0":2,"1":2,"2":2,"3":2,"4":2,"5":2,"6":2,"7":2,"8":2},"f":{},"b":{}}
,"/Users/zane/playground/regex-repo/src/css.js": {"path":"/Users/zane/playground/regex-repo/src/css.js","statementMap":{"0":{"start":{"line":16,"column":0},"end":{"line":16,"column":null}},"1":{"start":{"line":17,"column":0},"end":{"line":17,"column":null}},"2":{"start":{"line":18,"column":0},"end":{"line":18,"column":null}},"3":{"start":{"line":26,"column":30},"end":{"line":26,"column":null}},"4":{"start":{"line":28,"column":36},"end":{"line":28,"column":73}},"5":{"start":{"line":34,"column":30},"end":{"line":34,"column":68}},"6":{"start":{"line":37,"column":34},"end":{"line":37,"column":88}},"7":{"start":{"line":43,"column":28},"end":{"line":43,"column":64}},"8":{"start":{"line":45,"column":34},"end":{"line":45,"column":91}},"9":{"start":{"line":51,"column":28},"end":{"line":51,"column":64}},"10":{"start":{"line":53,"column":34},"end":{"line":53,"column":91}},"11":{"start":{"line":59,"column":28},"end":{"line":59,"column":64}},"12":{"start":{"line":61,"column":34},"end":{"line":61,"column":91}},"13":{"start":{"line":67,"column":28},"end":{"line":67,"column":64}},"14":{"start":{"line":69,"column":33},"end":{"line":69,"column":89}},"15":{"start":{"line":75,"column":27},"end":{"line":75,"column":62}},"16":{"start":{"line":77,"column":17},"end":{"line":77,"column":62}},"17":{"start":{"line":78,"column":19},"end":{"line":78,"column":82}},"18":{"start":{"line":79,"column":20},"end":{"line":79,"column":97}},"19":{"start":{"line":80,"column":20},"end":{"line":80,"column":80}},"20":{"start":{"line":81,"column":21},"end":{"line":81,"column":88}},"21":{"start":{"line":83,"column":28},"end":{"line":83,"column":80}},"22":{"start":{"line":89,"column":22},"end":{"line":89,"column":52}},"23":{"start":{"line":91,"column":29},"end":{"line":91,"column":83}},"24":{"start":{"line":97,"column":23},"end":{"line":97,"column":54}},"25":{"start":{"line":102,"column":22},"end":{"line":102,"column":72}},"26":{"start":{"line":103,"column":22},"end":{"line":103,"column":114}},"27":{"start":{"line":104,"column":23},"end":{"line":104,"column":129}},"28":{"start":{"line":105,"column":23},"end":{"line":105,"column":110}},"29":{"start":{"line":106,"column":24},"end":{"line":106,"column":125}},"30":{"start":{"line":108,"column":24},"end":{"line":108,"column":117}},"31":{"start":{"line":114,"column":18},"end":{"line":114,"column":44}},"32":{"start":{"line":116,"column":20},"end":{"line":116,"column":84}},"33":{"start":{"line":117,"column":17},"end":{"line":117,"column":78}},"34":{"start":{"line":119,"column":25},"end":{"line":119,"column":60}},"35":{"start":{"line":125,"column":19},"end":{"line":125,"column":46}},"36":{"start":{"line":127,"column":24},"end":{"line":128,"column":97}},"37":{"start":{"line":134,"column":18},"end":{"line":134,"column":44}},"38":{"start":{"line":136,"column":30},"end":{"line":141,"column":9}},"39":{"start":{"line":147,"column":24},"end":{"line":147,"column":56}},"40":{"start":{"line":149,"column":29},"end":{"line":153,"column":9}},"41":{"start":{"line":159,"column":23},"end":{"line":159,"column":54}}},"fnMap":{"0":{"name":"_interopRequireWildcard","decl":{"start":{"line":26,"column":30},"end":{"line":26,"column":null}},"loc":{"start":{"line":26,"column":30},"end":{"line":26,"column":null}}}},"branchMap":{"0":{"loc":{"start":{"line":26,"column":30},"end":{"line":26,"column":null}},"type":"if","locations":[{"start":{"line":26,"column":30},"end":{"line":26,"column":null}}]},"1":{"loc":{"start":{"line":26,"column":30},"end":{"line":26,"column":null}},"type":"binary-expr","locations":[{"start":{"line":26,"column":30},"end":{"line":26,"column":null}},{"start":{"line":26,"column":30},"end":{"line":26,"column":null}},{"start":{"line":26,"column":30},"end":{"line":26,"column":null}}]},"2":{"loc":{"start":{"line":26,"column":30},"end":{"line":26,"column":null}},"type":"cond-expr","locations":[{"start":{"line":26,"column":30},"end":{"line":26,"column":null}},{"start":{"line":26,"column":30},"end":{"line":26,"column":null}}]}},"s":{"0":1,"1":1,"2":1,"3":6,"4":1,"5":1,"6":1,"7":1,"8":1,"9":1,"10":1,"11":1,"12":1,"13":1,"14":1,"15":1,"16":1,"17":1,"18":1,"19":1,"20":1,"21":1,"22":1,"23":1,"24":1,"25":1,"26":1,"27":1,"28":1,"29":1,"30":1,"31":1,"32":1,"33":1,"34":1,"35":1,"36":1,"37":1,"38":1,"39":1,"40":1,"41":1},"f":{"0":2},"b":{"0":[2],"1":[1,1,1],"2":[0,0]}}
,"/Users/zane/playground/regex-repo/src/date-times.mjs": {"path":"/Users/zane/playground/regex-repo/src/date-times.mjs","statementMap":{"0":{"start":{"line":16,"column":0},"end":{"line":16,"column":null}},"1":{"start":{"line":31,"column":31},"end":{"line":31,"column":199}},"2":{"start":{"line":43,"column":25},"end":{"line":43,"column":58}},"3":{"start":{"line":45,"column":12},"end":{"line":45,"column":46}},"4":{"start":{"line":46,"column":13},"end":{"line":46,"column":29}},"5":{"start":{"line":47,"column":11},"end":{"line":47,"column":41}},"6":{"start":{"line":48,"column":12},"end":{"line":48,"column":36}},"7":{"start":{"line":49,"column":12},"end":{"line":49,"column":39}},"8":{"start":{"line":50,"column":11},"end":{"line":50,"column":76}},"9":{"start":{"line":52,"column":32},"end":{"line":52,"column":111}},"10":{"start":{"line":68,"column":26},"end":{"line":68,"column":60}},"11":{"start":{"line":88,"column":32},"end":{"line":88,"column":86}},"12":{"start":{"line":110,"column":26},"end":{"line":110,"column":60}},"13":{"start":{"line":112,"column":36},"end":{"line":112,"column":85}},"14":{"start":{"line":119,"column":30},"end":{"line":119,"column":68}},"15":{"start":{"line":121,"column":31},"end":{"line":121,"column":172}},"16":{"start":{"line":131,"column":25},"end":{"line":131,"column":58}},"17":{"start":{"line":133,"column":29},"end":{"line":133,"column":89}},"18":{"start":{"line":140,"column":23},"end":{"line":140,"column":54}},"19":{"start":{"line":142,"column":32},"end":{"line":142,"column":122}},"20":{"start":{"line":152,"column":26},"end":{"line":152,"column":60}},"21":{"start":{"line":154,"column":32},"end":{"line":154,"column":84}},"22":{"start":{"line":168,"column":26},"end":{"line":168,"column":60}},"23":{"start":{"line":170,"column":13},"end":{"line":170,"column":20}},"24":{"start":{"line":172,"column":27},"end":{"line":172,"column":105}},"25":{"start":{"line":183,"column":21},"end":{"line":183,"column":50}},"26":{"start":{"line":185,"column":29},"end":{"line":185,"column":107}},"27":{"start":{"line":196,"column":23},"end":{"line":196,"column":54}},"28":{"start":{"line":198,"column":33},"end":{"line":198,"column":78}},"29":{"start":{"line":207,"column":27},"end":{"line":207,"column":62}},"30":{"start":{"line":209,"column":25},"end":{"line":209,"column":112}},"31":{"start":{"line":220,"column":19},"end":{"line":220,"column":46}},"32":{"start":{"line":222,"column":39},"end":{"line":222,"column":129}},"33":{"start":{"line":233,"column":33},"end":{"line":233,"column":74}}},"fnMap":{},"branchMap":{},"s":{"0":1,"1":1,"2":1,"3":1,"4":1,"5":1,"6":1,"7":1,"8":1,"9":1,"10":1,"11":1,"12":1,"13":1,"14":1,"15":1,"16":1,"17":1,"18":1,"19":1,"20":1,"21":1,"22":1,"23":1,"24":1,"25":1,"26":1,"27":1,"28":1,"29":1,"30":1,"31":1,"32":1,"33":1},"f":{},"b":{}}
,"/Users/zane/playground/regex-repo/src/domain-name.mjs": {"path":"/Users/zane/playground/regex-repo/src/domain-name.mjs","statementMap":{"0":{"start":{"line":16,"column":0},"end":{"line":16,"column":null}},"1":{"start":{"line":17,"column":0},"end":{"line":17,"column":null}},"2":{"start":{"line":18,"column":0},"end":{"line":18,"column":null}},"3":{"start":{"line":20,"column":30},"end":{"line":20,"column":100}},"4":{"start":{"line":26,"column":24},"end":{"line":26,"column":56}},"5":{"start":{"line":29,"column":28},"end":{"line":29,"column":107}},"6":{"start":{"line":36,"column":22},"end":{"line":36,"column":57}},"7":{"start":{"line":38,"column":32},"end":{"line":40,"column":125}},"8":{"start":{"line":48,"column":26},"end":{"line":48,"column":65}},"9":{"start":{"line":51,"column":33},"end":{"line":51,"column":97}},"10":{"start":{"line":59,"column":27},"end":{"line":59,"column":67}}},"fnMap":{},"branchMap":{},"s":{"0":3,"1":3,"2":3,"3":3,"4":3,"5":3,"6":3,"7":3,"8":3,"9":3,"10":3},"f":{},"b":{}}
,"/Users/zane/playground/regex-repo/src/ids.js": {"path":"/Users/zane/playground/regex-repo/src/ids.js","statementMap":{"0":{"start":{"line":17,"column":0},"end":{"line":17,"column":null}},"1":{"start":{"line":19,"column":25},"end":{"line":19,"column":118}},"2":{"start":{"line":25,"column":19},"end":{"line":25,"column":46}},"3":{"start":{"line":27,"column":24},"end":{"line":27,"column":84}},"4":{"start":{"line":34,"column":18},"end":{"line":34,"column":44}},"5":{"start":{"line":37,"column":23},"end":{"line":37,"column":397}},"6":{"start":{"line":37,"column":366},"end":{"line":37,"column":396}},"7":{"start":{"line":39,"column":24},"end":{"line":39,"column":73}},"8":{"start":{"line":45,"column":18},"end":{"line":45,"column":44}}},"fnMap":{"0":{"name":"(anonymous_0)","decl":{"start":{"line":37,"column":355},"end":{"line":37,"column":361}},"loc":{"start":{"line":37,"column":366},"end":{"line":37,"column":396}}}},"branchMap":{},"s":{"0":1,"1":1,"2":1,"3":1,"4":1,"5":1,"6":83,"7":1,"8":1},"f":{"0":83},"b":{}}
,"/Users/zane/playground/regex-repo/src/javascript.js": {"path":"/Users/zane/playground/regex-repo/src/javascript.js","statementMap":{"0":{"start":{"line":17,"column":0},"end":{"line":17,"column":null}},"1":{"start":{"line":19,"column":35},"end":{"line":19,"column":346}},"2":{"start":{"line":25,"column":29},"end":{"line":25,"column":66}},"3":{"start":{"line":28,"column":31},"end":{"line":28,"column":12997}},"4":{"start":{"line":34,"column":25},"end":{"line":34,"column":58}}},"fnMap":{},"branchMap":{},"s":{"0":1,"1":1,"2":1,"3":1,"4":1},"f":{},"b":{}}
,"/Users/zane/playground/regex-repo/src/network.mjs": {"path":"/Users/zane/playground/regex-repo/src/network.mjs","statementMap":{"0":{"start":{"line":16,"column":0},"end":{"line":16,"column":null}},"1":{"start":{"line":23,"column":27},"end":{"line":25,"column":52}},"2":{"start":{"line":31,"column":21},"end":{"line":31,"column":50}},"3":{"start":{"line":34,"column":28},"end":{"line":34,"column":67}},"4":{"start":{"line":36,"column":30},"end":{"line":36,"column":81}},"5":{"start":{"line":42,"column":24},"end":{"line":42,"column":56}},"6":{"start":{"line":45,"column":25},"end":{"line":64,"column":51}},"7":{"start":{"line":70,"column":19},"end":{"line":70,"column":46}},"8":{"start":{"line":72,"column":30},"end":{"line":72,"column":84}},"9":{"start":{"line":78,"column":24},"end":{"line":78,"column":56}}},"fnMap":{},"branchMap":{},"s":{"0":5,"1":5,"2":5,"3":5,"4":5,"5":5,"6":5,"7":5,"8":5,"9":5},"f":{},"b":{}}
,"/Users/zane/playground/regex-repo/src/npm.js": {"path":"/Users/zane/playground/regex-repo/src/npm.js","statementMap":{"0":{"start":{"line":17,"column":0},"end":{"line":17,"column":null}},"1":{"start":{"line":19,"column":35},"end":{"line":19,"column":93}},"2":{"start":{"line":26,"column":29},"end":{"line":26,"column":66}}},"fnMap":{},"branchMap":{},"s":{"0":1,"1":1,"2":1},"f":{},"b":{}}
,"/Users/zane/playground/regex-repo/src/numbers.js": {"path":"/Users/zane/playground/regex-repo/src/numbers.js","statementMap":{"0":{"start":{"line":17,"column":0},"end":{"line":17,"column":null}},"1":{"start":{"line":18,"column":0},"end":{"line":18,"column":46}},"2":{"start":{"line":18,"column":46},"end":{"line":18,"column":null}},"3":{"start":{"line":20,"column":28},"end":{"line":20,"column":50}},"4":{"start":{"line":26,"column":22},"end":{"line":26,"column":52}},"5":{"start":{"line":28,"column":31},"end":{"line":28,"column":55}},"6":{"start":{"line":34,"column":25},"end":{"line":34,"column":58}},"7":{"start":{"line":36,"column":36},"end":{"line":36,"column":65}},"8":{"start":{"line":42,"column":30},"end":{"line":42,"column":68}},"9":{"start":{"line":44,"column":26},"end":{"line":44,"column":45}},"10":{"start":{"line":50,"column":20},"end":{"line":50,"column":48}},"11":{"start":{"line":52,"column":33},"end":{"line":52,"column":59}},"12":{"start":{"line":58,"column":27},"end":{"line":58,"column":62}},"13":{"start":{"line":60,"column":37},"end":{"line":60,"column":67}},"14":{"start":{"line":66,"column":31},"end":{"line":66,"column":70}},"15":{"start":{"line":68,"column":42},"end":{"line":68,"column":77}},"16":{"start":{"line":74,"column":36},"end":{"line":74,"column":80}},"17":{"start":{"line":76,"column":30},"end":{"line":76,"column":53}},"18":{"start":{"line":82,"column":24},"end":{"line":82,"column":56}},"19":{"start":{"line":84,"column":35},"end":{"line":84,"column":63}},"20":{"start":{"line":90,"column":29},"end":{"line":90,"column":66}},"21":{"start":{"line":92,"column":30},"end":{"line":92,"column":53}},"22":{"start":{"line":98,"column":24},"end":{"line":98,"column":56}},"23":{"start":{"line":100,"column":35},"end":{"line":100,"column":63}},"24":{"start":{"line":106,"column":29},"end":{"line":106,"column":66}}},"fnMap":{"0":{"name":"_interopRequireWildcard","decl":{"start":{"line":18,"column":46},"end":{"line":18,"column":null}},"loc":{"start":{"line":18,"column":46},"end":{"line":18,"column":null}}}},"branchMap":{"0":{"loc":{"start":{"line":18,"column":46},"end":{"line":18,"column":null}},"type":"if","locations":[{"start":{"line":18,"column":46},"end":{"line":18,"column":null}}]},"1":{"loc":{"start":{"line":18,"column":46},"end":{"line":18,"column":null}},"type":"binary-expr","locations":[{"start":{"line":18,"column":46},"end":{"line":18,"column":null}},{"start":{"line":18,"column":46},"end":{"line":18,"column":null}},{"start":{"line":18,"column":46},"end":{"line":18,"column":null}}]},"2":{"loc":{"start":{"line":18,"column":46},"end":{"line":18,"column":null}},"type":"cond-expr","locations":[{"start":{"line":18,"column":46},"end":{"line":18,"column":null}},{"start":{"line":18,"column":46},"end":{"line":18,"column":null}}]}},"s":{"0":1,"1":1,"2":6,"3":1,"4":1,"5":1,"6":1,"7":1,"8":1,"9":1,"10":1,"11":1,"12":1,"13":1,"14":1,"15":1,"16":1,"17":1,"18":1,"19":1,"20":1,"21":1,"22":1,"23":1,"24":1},"f":{"0":2},"b":{"0":[2],"1":[1,1,1],"2":[0,0]}}
,"/Users/zane/playground/regex-repo/src/semver.mjs": {"path":"/Users/zane/playground/regex-repo/src/semver.mjs","statementMap":{"0":{"start":{"line":17,"column":0},"end":{"line":17,"column":null}},"1":{"start":{"line":19,"column":28},"end":{"line":19,"column":222}},"2":{"start":{"line":31,"column":22},"end":{"line":31,"column":52}}},"fnMap":{},"branchMap":{},"s":{"0":1,"1":1,"2":1},"f":{},"b":{}}
,"/Users/zane/playground/regex-repo/src/url.mjs": {"path":"/Users/zane/playground/regex-repo/src/url.mjs","statementMap":{"0":{"start":{"line":16,"column":0},"end":{"line":16,"column":null}},"1":{"start":{"line":17,"column":0},"end":{"line":17,"column":null}},"2":{"start":{"line":18,"column":0},"end":{"line":18,"column":null}},"3":{"start":{"line":19,"column":0},"end":{"line":19,"column":null}},"4":{"start":{"line":22,"column":24},"end":{"line":22,"column":107}},"5":{"start":{"line":37,"column":18},"end":{"line":37,"column":49}},"6":{"start":{"line":39,"column":30},"end":{"line":39,"column":64}},"7":{"start":{"line":48,"column":24},"end":{"line":48,"column":61}},"8":{"start":{"line":50,"column":29},"end":{"line":50,"column":58}},"9":{"start":{"line":51,"column":25},"end":{"line":51,"column":127}},"10":{"start":{"line":52,"column":21},"end":{"line":52,"column":38}},"11":{"start":{"line":54,"column":24},"end":{"line":54,"column":38}},"12":{"start":{"line":56,"column":37},"end":{"line":56,"column":68}},"13":{"start":{"line":58,"column":28},"end":{"line":59,"column":126}},"14":{"start":{"line":75,"column":22},"end":{"line":75,"column":57}},"15":{"start":{"line":77,"column":27},"end":{"line":77,"column":124}},"16":{"start":{"line":90,"column":21},"end":{"line":90,"column":55}},"17":{"start":{"line":92,"column":28},"end":{"line":92,"column":86}},"18":{"start":{"line":102,"column":22},"end":{"line":102,"column":57}},"19":{"start":{"line":104,"column":30},"end":{"line":104,"column":115}},"20":{"start":{"line":111,"column":24},"end":{"line":111,"column":61}}},"fnMap":{},"branchMap":{},"s":{"0":1,"1":1,"2":1,"3":1,"4":1,"5":1,"6":1,"7":1,"8":1,"9":1,"10":1,"11":1,"12":1,"13":1,"14":1,"15":1,"16":1,"17":1,"18":1,"19":1,"20":1},"f":{},"b":{}}
,"/Users/zane/playground/regex-repo/src/lib/css-color-data.js": {"path":"/Users/zane/playground/regex-repo/src/lib/css-color-data.js","statementMap":{"0":{"start":{"line":17,"column":26},"end":{"line":34,"column":1}},"1":{"start":{"line":36,"column":26},"end":{"line":38,"column":17}},"2":{"start":{"line":40,"column":26},"end":{"line":171,"column":17}},"3":{"start":{"line":173,"column":25},"end":{"line":175,"column":17}}},"fnMap":{},"branchMap":{},"s":{"0":1,"1":1,"2":1,"3":1},"f":{},"b":{}}
,"/Users/zane/playground/regex-repo/src/lib/lockdown-re.js": {"path":"/Users/zane/playground/regex-repo/src/lib/lockdown-re.js","statementMap":{"0":{"start":{"line":17,"column":26},"end":{"line":17,"column":71}},"1":{"start":{"line":17,"column":42},"end":{"line":17,"column":71}},"2":{"start":{"line":17,"column":71},"end":{"line":17,"column":null}}},"fnMap":{"0":{"name":"(anonymous_0)","decl":{"start":{"line":17,"column":26},"end":{"line":17,"column":27}},"loc":{"start":{"line":17,"column":42},"end":{"line":17,"column":71}}}},"branchMap":{},"s":{"0":12,"1":89,"2":12},"f":{"0":89},"b":{}}
,"/Users/zane/playground/regex-repo/src/lib/numbers-strings.js": {"path":"/Users/zane/playground/regex-repo/src/lib/numbers-strings.js","statementMap":{"0":{"start":{"line":19,"column":26},"end":{"line":19,"column":75}},"1":{"start":{"line":21,"column":31},"end":{"line":21,"column":72}},"2":{"start":{"line":23,"column":21},"end":{"line":23,"column":65}},"3":{"start":{"line":25,"column":28},"end":{"line":25,"column":58}},"4":{"start":{"line":27,"column":32},"end":{"line":27,"column":62}},"5":{"start":{"line":29,"column":37},"end":{"line":30,"column":51}},"6":{"start":{"line":32,"column":25},"end":{"line":32,"column":80}},"7":{"start":{"line":34,"column":30},"end":{"line":35,"column":80}},"8":{"start":{"line":37,"column":25},"end":{"line":37,"column":80}},"9":{"start":{"line":39,"column":30},"end":{"line":40,"column":76}}},"fnMap":{},"branchMap":{},"s":{"0":2,"1":2,"2":2,"3":2,"4":2,"5":2,"6":2,"7":2,"8":2,"9":2},"f":{},"b":{}}
,"/Users/zane/playground/regex-repo/src/lib/uni-non-ascii.mjs": {"path":"/Users/zane/playground/regex-repo/src/lib/uni-non-ascii.mjs","statementMap":{"0":{"start":{"line":1,"column":24},"end":{"line":1,"column":47}}},"fnMap":{},"branchMap":{},"s":{"0":3},"f":{},"b":{}}
}
